<?xml version="1.0" encoding="UTF-8"?>
<testng-results ignored="0" total="1" passed="1" failed="0" skipped="0">
  <reporter-output>
  </reporter-output>
  <suite started-at="2022-10-09T14:35:48 IST" name="Default suite" finished-at="2022-10-09T14:35:54 IST" duration-ms="6462">
    <groups>
    </groups>
    <test started-at="2022-10-09T14:35:48 IST" name="Default test" finished-at="2022-10-09T14:35:54 IST" duration-ms="6462">
      <class name="LoginAutomation">
        <test-method signature="login()[pri:0, instance:LoginAutomation@152aa092]" started-at="2022-10-09T14:35:48 IST" name="login" finished-at="2022-10-09T14:35:54 IST" duration-ms="6359" status="PASS">
          <reporter-output>
          </reporter-output>
        </test-method> <!-- login -->
      </class> <!-- LoginAutomation -->
    </test> <!-- Default test -->
  </suite> <!-- Default suite -->
</testng-results>
